{"name": "test_products_group", "status": "skipped", "statusDetails": {"message": "XFAIL Wait for fix bug\n\nselenium.common.exceptions.ElementClickInterceptedException: Message: element click intercepted: Element <a href=\"https://testqastudio.me?products_group=sale\" class=\"tab-sale \">...</a> is not clickable at point (708, 687). Other element would receive the click: <div class=\"catalog-toolbar-tabs__content\">...</div>\n  (Session info: chrome=114.0.5735.110)\nStacktrace:\nBacktrace:\n\tGetHandleVerifier [0x00ADA813+48355]\n\t(No symbol) [0x00A6C4B1]\n\t(No symbol) [0x00975358]\n\t(No symbol) [0x009A5062]\n\t(No symbol) [0x009A3B98]\n\t(No symbol) [0x009A239B]\n\t(No symbol) [0x009A179E]\n\t(No symbol) [0x00999F5C]\n\t(No symbol) [0x009BA73C]\n\t(No symbol) [0x00999A36]\n\t(No symbol) [0x009BAA94]\n\t(No symbol) [0x009CC922]\n\t(No symbol) [0x009BA536]\n\t(No symbol) [0x009982DC]\n\t(No symbol) [0x009993DD]\n\tGetHandleVerifier [0x00D3AABD+2539405]\n\tGetHandleVerifier [0x00D7A78F+2800735]\n\tGetHandleVerifier [0x00D7456C+2775612]\n\tGetHandleVerifier [0x00B651E0+616112]\n\t(No symbol) [0x00A75F8C]\n\t(No symbol) [0x00A72328]\n\t(No symbol) [0x00A7240B]\n\t(No symbol) [0x00A64FF7]\n\tBaseThreadInitThunk [0x76456BA9+25]\n\tRtlGetFullPathName_UEx [0x77E38F9F+1215]\n\tRtlGetFullPathName_UEx [0x77E38F6D+1165]", "trace": "test_shop.py:48: in test_products_group\n    element.click()\n        browser    = <selenium.webdriver.chrome.webdriver.WebDriver (session=\"b02f882670b02b5c458d1db5ed672cba\")>\n        element    = <selenium.webdriver.remote.webelement.WebElement (session=\"b02f882670b02b5c458d1db5ed672cba\", element=\"0E87A65E2311971DF431BD20F43C9523_element_64\")>\n        elements   = [<selenium.webdriver.remote.webelement.WebElement (session=\"b02f882670b02b5c458d1db5ed672cba\", element=\"DA4FAB930DFA51E845C72846C78D7433_element_28\")>,\n <selenium.webdriver.remote.webelement.WebElement (session=\"b02f882670b02b5c458d1db5ed672cba\", element=\"DA4FAB930DFA51E845C72846C78D7433_element_29\")>,\n <selenium.webdriver.remote.webelement.WebElement (session=\"b02f882670b02b5c458d1db5ed672cba\", element=\"DA4FAB930DFA51E845C72846C78D7433_element_30\")>,\n <selenium.webdriver.remote.webelement.WebElement (session=\"b02f882670b02b5c458d1db5ed672cba\", element=\"DA4FAB930DFA51E845C72846C78D7433_element_31\")>,\n <selenium.webdriver.remote.webelement.WebElement (session=\"b02f882670b02b5c458d1db5ed672cba\", element=\"DA4FAB930DFA51E845C72846C78D7433_element_32\")>]\n        expected_menu = [('Все', '', \"[class='tab-all active']\"),\n ('Бестселлеры',\n  '/?products_group=best_sellers',\n  \"[class='tab-best_sellers ']\"),\n ('Горячие товары', '/?products_group=featured', \"[class='tab-featured ']\"),\n ('Новые товары', '/?products_group=new', \"[class='tab-new ']\"),\n ('Распродажа товаров', '/?products_group=sale', \"[class='tab-sale ']\")]\n        item       = ('Распродажа товаров', '/?products_group=sale', \"[class='tab-sale ']\")\n        menu_element = \"[class='catalog-toolbar-tabs__content'] a\"\n..\\venv\\Lib\\site-packages\\selenium\\webdriver\\remote\\webelement.py:88: in click\n    self._execute(Command.CLICK_ELEMENT)\n        self       = <selenium.webdriver.remote.webelement.WebElement (session=\"b02f882670b02b5c458d1db5ed672cba\", element=\"0E87A65E2311971DF431BD20F43C9523_element_64\")>\n..\\venv\\Lib\\site-packages\\selenium\\webdriver\\remote\\webelement.py:396: in _execute\n    return self._parent.execute(command, params)\n        command    = 'clickElement'\n        params     = {'id': '0E87A65E2311971DF431BD20F43C9523_element_64',\n 'sessionId': 'b02f882670b02b5c458d1db5ed672cba'}\n        self       = <selenium.webdriver.remote.webelement.WebElement (session=\"b02f882670b02b5c458d1db5ed672cba\", element=\"0E87A65E2311971DF431BD20F43C9523_element_64\")>\n..\\venv\\Lib\\site-packages\\selenium\\webdriver\\remote\\webdriver.py:428: in execute\n    self.error_handler.check_response(response)\n        driver_command = 'clickElement'\n        params     = {'id': '0E87A65E2311971DF431BD20F43C9523_element_64'}\n        response   = {'status': 400,\n 'value': '{\"value\":{\"error\":\"element click intercepted\",\"message\":\"element '\n          'click intercepted: Element \\\\u003Ca '\n          'href=\\\\\"https://testqastudio.me?products_group=sale\\\\\" '\n          'class=\\\\\"tab-sale \\\\\">...\\\\u003C/a> is not clickable at point (708, '\n          '687). Other element would receive the click: \\\\u003Cdiv '\n          'class=\\\\\"catalog-toolbar-tabs__content\\\\\">...\\\\u003C/div>\\\\n  '\n          '(Session info: '\n          'chrome=114.0.5735.110)\",\"stacktrace\":\"Backtrace:\\\\n\\\\tGetHandleVerifier '\n          '[0x00ADA813+48355]\\\\n\\\\t(No symbol) [0x00A6C4B1]\\\\n\\\\t(No symbol) '\n          '[0x00975358]\\\\n\\\\t(No symbol) [0x009A5062]\\\\n\\\\t(No symbol) '\n          '[0x009A3B98]\\\\n\\\\t(No symbol) [0x009A239B]\\\\n\\\\t(No symbol) '\n          '[0x009A179E]\\\\n\\\\t(No symbol) [0x00999F5C]\\\\n\\\\t(No symbol) '\n          '[0x009BA73C]\\\\n\\\\t(No symbol) [0x00999A36]\\\\n\\\\t(No symbol) '\n          '[0x009BAA94]\\\\n\\\\t(No symbol) [0x009CC922]\\\\n\\\\t(No symbol) '\n          '[0x009BA536]\\\\n\\\\t(No symbol) [0x009982DC]\\\\n\\\\t(No symbol) '\n          '[0x009993DD]\\\\n\\\\tGetHandleVerifier '\n          '[0x00D3AABD+2539405]\\\\n\\\\tGetHandleVerifier '\n          '[0x00D7A78F+2800735]\\\\n\\\\tGetHandleVerifier '\n          '[0x00D7456C+2775612]\\\\n\\\\tGetHandleVerifier '\n          '[0x00B651E0+616112]\\\\n\\\\t(No symbol) [0x00A75F8C]\\\\n\\\\t(No symbol) '\n          '[0x00A72328]\\\\n\\\\t(No symbol) [0x00A7240B]\\\\n\\\\t(No symbol) '\n          '[0x00A64FF7]\\\\n\\\\tBaseThreadInitThunk '\n          '[0x76456BA9+25]\\\\n\\\\tRtlGetFullPathName_UEx '\n          '[0x77E38F9F+1215]\\\\n\\\\tRtlGetFullPathName_UEx '\n          '[0x77E38F6D+1165]\\\\n\"}}'}\n        self       = <selenium.webdriver.chrome.webdriver.WebDriver (session=\"b02f882670b02b5c458d1db5ed672cba\")>\n..\\venv\\Lib\\site-packages\\selenium\\webdriver\\remote\\errorhandler.py:243: in check_response\n    raise exception_class(message, screen, stacktrace)\nE   selenium.common.exceptions.ElementClickInterceptedException: Message: element click intercepted: Element <a href=\"https://testqastudio.me?products_group=sale\" class=\"tab-sale \">...</a> is not clickable at point (708, 687). Other element would receive the click: <div class=\"catalog-toolbar-tabs__content\">...</div>\nE     (Session info: chrome=114.0.5735.110)\nE   Stacktrace:\nE   Backtrace:\nE   \tGetHandleVerifier [0x00ADA813+48355]\nE   \t(No symbol) [0x00A6C4B1]\nE   \t(No symbol) [0x00975358]\nE   \t(No symbol) [0x009A5062]\nE   \t(No symbol) [0x009A3B98]\nE   \t(No symbol) [0x009A239B]\nE   \t(No symbol) [0x009A179E]\nE   \t(No symbol) [0x00999F5C]\nE   \t(No symbol) [0x009BA73C]\nE   \t(No symbol) [0x00999A36]\nE   \t(No symbol) [0x009BAA94]\nE   \t(No symbol) [0x009CC922]\nE   \t(No symbol) [0x009BA536]\nE   \t(No symbol) [0x009982DC]\nE   \t(No symbol) [0x009993DD]\nE   \tGetHandleVerifier [0x00D3AABD+2539405]\nE   \tGetHandleVerifier [0x00D7A78F+2800735]\nE   \tGetHandleVerifier [0x00D7456C+2775612]\nE   \tGetHandleVerifier [0x00B651E0+616112]\nE   \t(No symbol) [0x00A75F8C]\nE   \t(No symbol) [0x00A72328]\nE   \t(No symbol) [0x00A7240B]\nE   \t(No symbol) [0x00A64FF7]\nE   \tBaseThreadInitThunk [0x76456BA9+25]\nE   \tRtlGetFullPathName_UEx [0x77E38F9F+1215]\nE   \tRtlGetFullPathName_UEx [0x77E38F6D+1165]\n        exception_class = <class 'selenium.common.exceptions.ElementClickInterceptedException'>\n        json       = <module 'json' from 'C:\\\\Program Files\\\\WindowsApps\\\\PythonSoftwareFoundation.Python.3.11_3.11.1264.0_x64__qbz5n2kfra8p0\\\\Lib\\\\json\\\\__init__.py'>\n        message    = ('element click intercepted: Element <a '\n 'href=\"https://testqastudio.me?products_group=sale\" class=\"tab-sale \">...</a> '\n 'is not clickable at point (708, 687). Other element would receive the click: '\n '<div class=\"catalog-toolbar-tabs__content\">...</div>\\n'\n '  (Session info: chrome=114.0.5735.110)')\n        response   = {'status': 400,\n 'value': '{\"value\":{\"error\":\"element click intercepted\",\"message\":\"element '\n          'click intercepted: Element \\\\u003Ca '\n          'href=\\\\\"https://testqastudio.me?products_group=sale\\\\\" '\n          'class=\\\\\"tab-sale \\\\\">...\\\\u003C/a> is not clickable at point (708, '\n          '687). Other element would receive the click: \\\\u003Cdiv '\n          'class=\\\\\"catalog-toolbar-tabs__content\\\\\">...\\\\u003C/div>\\\\n  '\n          '(Session info: '\n          'chrome=114.0.5735.110)\",\"stacktrace\":\"Backtrace:\\\\n\\\\tGetHandleVerifier '\n          '[0x00ADA813+48355]\\\\n\\\\t(No symbol) [0x00A6C4B1]\\\\n\\\\t(No symbol) '\n          '[0x00975358]\\\\n\\\\t(No symbol) [0x009A5062]\\\\n\\\\t(No symbol) '\n          '[0x009A3B98]\\\\n\\\\t(No symbol) [0x009A239B]\\\\n\\\\t(No symbol) '\n          '[0x009A179E]\\\\n\\\\t(No symbol) [0x00999F5C]\\\\n\\\\t(No symbol) '\n          '[0x009BA73C]\\\\n\\\\t(No symbol) [0x00999A36]\\\\n\\\\t(No symbol) '\n          '[0x009BAA94]\\\\n\\\\t(No symbol) [0x009CC922]\\\\n\\\\t(No symbol) '\n          '[0x009BA536]\\\\n\\\\t(No symbol) [0x009982DC]\\\\n\\\\t(No symbol) '\n          '[0x009993DD]\\\\n\\\\tGetHandleVerifier '\n          '[0x00D3AABD+2539405]\\\\n\\\\tGetHandleVerifier '\n          '[0x00D7A78F+2800735]\\\\n\\\\tGetHandleVerifier '\n          '[0x00D7456C+2775612]\\\\n\\\\tGetHandleVerifier '\n          '[0x00B651E0+616112]\\\\n\\\\t(No symbol) [0x00A75F8C]\\\\n\\\\t(No symbol) '\n          '[0x00A72328]\\\\n\\\\t(No symbol) [0x00A7240B]\\\\n\\\\t(No symbol) '\n          '[0x00A64FF7]\\\\n\\\\tBaseThreadInitThunk '\n          '[0x76456BA9+25]\\\\n\\\\tRtlGetFullPathName_UEx '\n          '[0x77E38F9F+1215]\\\\n\\\\tRtlGetFullPathName_UEx '\n          '[0x77E38F6D+1165]\\\\n\"}}'}\n        screen     = None\n        self       = <selenium.webdriver.remote.errorhandler.ErrorHandler object at 0x0000021A59898510>\n        st_value   = ('Backtrace:\\n'\n '\\tGetHandleVerifier [0x00ADA813+48355]\\n'\n '\\t(No symbol) [0x00A6C4B1]\\n'\n '\\t(No symbol) [0x00975358]\\n'\n '\\t(No symbol) [0x009A5062]\\n'\n '\\t(No symbol) [0x009A3B98]\\n'\n '\\t(No symbol) [0x009A239B]\\n'\n '\\t(No symbol) [0x009A179E]\\n'\n '\\t(No symbol) [0x00999F5C]\\n'\n '\\t(No symbol) [0x009BA73C]\\n'\n '\\t(No symbol) [0x00999A36]\\n'\n '\\t(No symbol) [0x009BAA94]\\n'\n '\\t(No symbol) [0x009CC922]\\n'\n '\\t(No symbol) [0x009BA536]\\n'\n '\\t(No symbol) [0x009982DC]\\n'\n '\\t(No symbol) [0x009993DD]\\n'\n '\\tGetHandleVerifier [0x00D3AABD+2539405]\\n'\n '\\tGetHandleVerifier [0x00D7A78F+2800735]\\n'\n '\\tGetHandleVerifier [0x00D7456C+2775612]\\n'\n '\\tGetHandleVerifier [0x00B651E0+616112]\\n'\n '\\t(No symbol) [0x00A75F8C]\\n'\n '\\t(No symbol) [0x00A72328]\\n'\n '\\t(No symbol) [0x00A7240B]\\n'\n '\\t(No symbol) [0x00A64FF7]\\n'\n '\\tBaseThreadInitThunk [0x76456BA9+25]\\n'\n '\\tRtlGetFullPathName_UEx [0x77E38F9F+1215]\\n'\n '\\tRtlGetFullPathName_UEx [0x77E38F6D+1165]\\n')\n        stacktrace = ['Backtrace:',\n '\\tGetHandleVerifier [0x00ADA813+48355]',\n '\\t(No symbol) [0x00A6C4B1]',\n '\\t(No symbol) [0x00975358]',\n '\\t(No symbol) [0x009A5062]',\n '\\t(No symbol) [0x009A3B98]',\n '\\t(No symbol) [0x009A239B]',\n '\\t(No symbol) [0x009A179E]',\n '\\t(No symbol) [0x00999F5C]',\n '\\t(No symbol) [0x009BA73C]',\n '\\t(No symbol) [0x00999A36]',\n '\\t(No symbol) [0x009BAA94]',\n '\\t(No symbol) [0x009CC922]',\n '\\t(No symbol) [0x009BA536]',\n '\\t(No symbol) [0x009982DC]',\n '\\t(No symbol) [0x009993DD]',\n '\\tGetHandleVerifier [0x00D3AABD+2539405]',\n '\\tGetHandleVerifier [0x00D7A78F+2800735]',\n '\\tGetHandleVerifier [0x00D7456C+2775612]',\n '\\tGetHandleVerifier [0x00B651E0+616112]',\n '\\t(No symbol) [0x00A75F8C]',\n '\\t(No symbol) [0x00A72328]',\n '\\t(No symbol) [0x00A7240B]',\n '\\t(No symbol) [0x00A64FF7]',\n '\\tBaseThreadInitThunk [0x76456BA9+25]',\n '\\tRtlGetFullPathName_UEx [0x77E38F9F+1215]',\n '\\tRtlGetFullPathName_UEx [0x77E38F6D+1165]',\n '']\n        status     = 'element click intercepted'\n        value      = {'error': 'element click intercepted',\n 'message': 'element click intercepted: Element <a '\n            'href=\"https://testqastudio.me?products_group=sale\" '\n            'class=\"tab-sale \">...</a> is not clickable at point (708, 687). '\n            'Other element would receive the click: <div '\n            'class=\"catalog-toolbar-tabs__content\">...</div>\\n'\n            '  (Session info: chrome=114.0.5735.110)',\n 'stacktrace': 'Backtrace:\\n'\n               '\\tGetHandleVerifier [0x00ADA813+48355]\\n'\n               '\\t(No symbol) [0x00A6C4B1]\\n'\n               '\\t(No symbol) [0x00975358]\\n'\n               '\\t(No symbol) [0x009A5062]\\n'\n               '\\t(No symbol) [0x009A3B98]\\n'\n               '\\t(No symbol) [0x009A239B]\\n'\n               '\\t(No symbol) [0x009A179E]\\n'\n               '\\t(No symbol) [0x00999F5C]\\n'\n               '\\t(No symbol) [0x009BA73C]\\n'\n               '\\t(No symbol) [0x00999A36]\\n'\n               '\\t(No symbol) [0x009BAA94]\\n'\n               '\\t(No symbol) [0x009CC922]\\n'\n               '\\t(No symbol) [0x009BA536]\\n'\n               '\\t(No symbol) [0x009982DC]\\n'\n               '\\t(No symbol) [0x009993DD]\\n'\n               '\\tGetHandleVerifier [0x00D3AABD+2539405]\\n'\n               '\\tGetHandleVerifier [0x00D7A78F+2800735]\\n'\n               '\\tGetHandleVerifier [0x00D7456C+2775612]\\n'\n               '\\tGetHandleVerifier [0x00B651E0+616112]\\n'\n               '\\t(No symbol) [0x00A75F8C]\\n'\n               '\\t(No symbol) [0x00A72328]\\n'\n               '\\t(No symbol) [0x00A7240B]\\n'\n               '\\t(No symbol) [0x00A64FF7]\\n'\n               '\\tBaseThreadInitThunk [0x76456BA9+25]\\n'\n               '\\tRtlGetFullPathName_UEx [0x77E38F9F+1215]\\n'\n               '\\tRtlGetFullPathName_UEx [0x77E38F6D+1165]\\n'}\n        value_json = ('{\"value\":{\"error\":\"element click intercepted\",\"message\":\"element click '\n 'intercepted: Element \\\\u003Ca '\n 'href=\\\\\"https://testqastudio.me?products_group=sale\\\\\" class=\\\\\"tab-sale '\n '\\\\\">...\\\\u003C/a> is not clickable at point (708, 687). Other element would '\n 'receive the click: \\\\u003Cdiv '\n 'class=\\\\\"catalog-toolbar-tabs__content\\\\\">...\\\\u003C/div>\\\\n  (Session info: '\n 'chrome=114.0.5735.110)\",\"stacktrace\":\"Backtrace:\\\\n\\\\tGetHandleVerifier '\n '[0x00ADA813+48355]\\\\n\\\\t(No symbol) [0x00A6C4B1]\\\\n\\\\t(No symbol) '\n '[0x00975358]\\\\n\\\\t(No symbol) [0x009A5062]\\\\n\\\\t(No symbol) '\n '[0x009A3B98]\\\\n\\\\t(No symbol) [0x009A239B]\\\\n\\\\t(No symbol) '\n '[0x009A179E]\\\\n\\\\t(No symbol) [0x00999F5C]\\\\n\\\\t(No symbol) '\n '[0x009BA73C]\\\\n\\\\t(No symbol) [0x00999A36]\\\\n\\\\t(No symbol) '\n '[0x009BAA94]\\\\n\\\\t(No symbol) [0x009CC922]\\\\n\\\\t(No symbol) '\n '[0x009BA536]\\\\n\\\\t(No symbol) [0x009982DC]\\\\n\\\\t(No symbol) '\n '[0x009993DD]\\\\n\\\\tGetHandleVerifier '\n '[0x00D3AABD+2539405]\\\\n\\\\tGetHandleVerifier '\n '[0x00D7A78F+2800735]\\\\n\\\\tGetHandleVerifier '\n '[0x00D7456C+2775612]\\\\n\\\\tGetHandleVerifier [0x00B651E0+616112]\\\\n\\\\t(No '\n 'symbol) [0x00A75F8C]\\\\n\\\\t(No symbol) [0x00A72328]\\\\n\\\\t(No symbol) '\n '[0x00A7240B]\\\\n\\\\t(No symbol) [0x00A64FF7]\\\\n\\\\tBaseThreadInitThunk '\n '[0x76456BA9+25]\\\\n\\\\tRtlGetFullPathName_UEx '\n '[0x77E38F9F+1215]\\\\n\\\\tRtlGetFullPathName_UEx [0x77E38F6D+1165]\\\\n\"}}')"}, "description": "\n    Test case TC-2\n    ", "start": 1686328223825, "stop": 1686328228778, "uuid": "397e2e22-4ec6-43a5-88b5-a74807636c9d", "historyId": "8eb1597fbc3a721fe9415865d2ff840c", "testCaseId": "661b4d561aa9283d092c863c736f17f8", "fullName": "test_shop#test_products_group", "labels": [{"name": "tag", "value": "@pytest.mark.xfail(reason='Wait for fix bug')"}, {"name": "suite", "value": "test_shop"}, {"name": "host", "value": "DESKTOP-RV1H3KF"}, {"name": "thread", "value": "6244-MainThread"}, {"name": "framework", "value": "pytest"}, {"name": "language", "value": "cpython3"}, {"name": "package", "value": "test_shop"}]}